<?xml version="1.0" encoding="UTF-8"?>
<testsuite name="co.com.miprimerproyecto.tests.TestLogin" tests="1" skipped="0" failures="0" errors="0" timestamp="2022-11-07T21:58:54" hostname="QV-4555" time="8.047">
  <properties/>
  <testcase name="signIn" classname="co.com.miprimerproyecto.tests.TestLogin" time="8.047"/>
  <system-out><![CDATA[]]></system-out>
  <system-err><![CDATA[Starting ChromeDriver 106.0.5249.61 (511755355844955cd3e264779baf0dd38212a4d0-refs/branch-heads/5249@{#569}) on port 27548
Only local connections are allowed.
Please see https://chromedriver.chromium.org/security-considerations for suggestions on keeping ChromeDriver safe.
ChromeDriver was started successfully.
nov 07, 2022 4:58:55 PM org.openqa.selenium.remote.ProtocolHandshake createSession
INFORMACIÓN: Detected dialect: W3C
]]></system-err>
</testsuite>
